2013/06/06 06:27:31 [error] [exception.CHttpException.404] exception 'CHttpException' with message 'Unable to resolve the request "user/admin".' in /Users/Admin/projects/yii-1.1.13/framework/web/CWebApplication.php:286
Stack trace:
#0 /Users/Admin/projects/yii-1.1.13/framework/web/CWebApplication.php(141): CWebApplication->runController('user/admin')
#1 /Users/Admin/projects/yii-1.1.13/framework/base/CApplication.php(169): CWebApplication->processRequest()
#2 /Users/Admin/projects/app1/index.php(13): CApplication->run()
#3 {main}
REQUEST_URI=/app1/index.php?r=user/admin
---
2013/06/06 06:47:38 [error] [exception.CHttpException.404] exception 'CHttpException' with message 'Unable to resolve the request "gii".' in /Users/Admin/projects/yii-1.1.13/framework/web/CWebApplication.php:286
Stack trace:
#0 /Users/Admin/projects/yii-1.1.13/framework/web/CWebApplication.php(141): CWebApplication->runController('gii')
#1 /Users/Admin/projects/yii-1.1.13/framework/base/CApplication.php(169): CWebApplication->processRequest()
#2 /Users/Admin/projects/app1/index.php(13): CApplication->run()
#3 {main}
REQUEST_URI=/app1/index.php?r=gii
---
2013/06/06 08:06:04 [error] [system.db.CDbCommand] CDbCommand::fetchAll() failed: SQLSTATE[42S02]: Base table or view not found: 1146 Table 'test.tbl_user' doesn't exist. The SQL statement executed was: SHOW FULL COLUMNS FROM `tbl_user`.
in /Users/Admin/projects/app1/index.php (13)
2013/06/06 08:17:39 [error] [system.db.CDbCommand] CDbCommand::fetchAll() failed: SQLSTATE[42S02]: Base table or view not found: 1146 Table 'test.user' doesn't exist. The SQL statement executed was: SHOW FULL COLUMNS FROM `User`.
in /Users/Admin/projects/app1/index.php (13)
2013/06/06 08:18:03 [error] [system.db.CDbCommand] CDbCommand::fetchAll() failed: SQLSTATE[42S02]: Base table or view not found: 1146 Table 'test.quannt2' doesn't exist. The SQL statement executed was: SHOW FULL COLUMNS FROM `quannt2`.
in /Users/Admin/projects/app1/index.php (13)
2013/06/06 08:18:16 [error] [system.db.CDbCommand] CDbCommand::fetchAll() failed: SQLSTATE[42S02]: Base table or view not found: 1146 Table 'test.profiles' doesn't exist. The SQL statement executed was: SHOW FULL COLUMNS FROM `profiles`.
in /Users/Admin/projects/app1/index.php (13)
